<?xml version="1.0" encoding="UTF-8"?>
<coverage generated="1588716324238" clover="3.2.0">
  <project timestamp="1588716324238" name="All files">
    <metrics statements="30" coveredstatements="16" conditionals="6" coveredconditionals="1" methods="11" coveredmethods="7" elements="47" coveredelements="24" complexity="0" loc="30" ncloc="30" packages="1" files="4" classes="4"/>
    <file name="App.jsx" path="/Users/maximrietveld/git/fec/Maxim_AirBnB_Service/client/components/App.jsx">
      <metrics statements="9" coveredstatements="5" conditionals="2" coveredconditionals="1" methods="5" coveredmethods="3"/>
      <line num="7" count="1" type="stmt"/>
      <line num="9" count="1" type="stmt"/>
      <line num="46" count="1" type="stmt"/>
      <line num="48" count="0" type="stmt"/>
      <line num="49" count="0" type="stmt"/>
      <line num="53" count="0" type="stmt"/>
      <line num="57" count="1" type="cond" truecount="1" falsecount="1"/>
      <line num="58" count="0" type="stmt"/>
      <line num="62" count="1" type="stmt"/>
    </file>
    <file name="MainCarArrows.jsx" path="/Users/maximrietveld/git/fec/Maxim_AirBnB_Service/client/components/MainCarArrows.jsx">
      <metrics statements="2" coveredstatements="2" conditionals="0" coveredconditionals="0" methods="1" coveredmethods="1"/>
      <line num="3" count="3" type="stmt"/>
      <line num="4" count="6" type="stmt"/>
    </file>
    <file name="MainCarElement.jsx" path="/Users/maximrietveld/git/fec/Maxim_AirBnB_Service/client/components/MainCarElement.jsx">
      <metrics statements="4" coveredstatements="4" conditionals="0" coveredconditionals="0" methods="1" coveredmethods="1"/>
      <line num="3" count="3" type="stmt"/>
      <line num="4" count="3" type="stmt"/>
      <line num="7" count="3" type="stmt"/>
      <line num="8" count="3" type="stmt"/>
    </file>
    <file name="MainCarousel.jsx" path="/Users/maximrietveld/git/fec/Maxim_AirBnB_Service/client/components/MainCarousel.jsx">
      <metrics statements="15" coveredstatements="5" conditionals="4" coveredconditionals="0" methods="4" coveredmethods="2"/>
      <line num="7" count="2" type="stmt"/>
      <line num="8" count="2" type="stmt"/>
      <line num="11" count="2" type="stmt"/>
      <line num="12" count="2" type="stmt"/>
      <line num="16" count="0" type="stmt"/>
      <line num="17" count="0" type="stmt"/>
      <line num="18" count="0" type="stmt"/>
      <line num="19" count="0" type="cond" truecount="0" falsecount="2"/>
      <line num="21" count="0" type="stmt"/>
      <line num="27" count="0" type="stmt"/>
      <line num="28" count="0" type="stmt"/>
      <line num="29" count="0" type="stmt"/>
      <line num="30" count="0" type="cond" truecount="0" falsecount="2"/>
      <line num="32" count="0" type="stmt"/>
      <line num="38" count="2" type="stmt"/>
    </file>
  </project>
</coverage>
