{"/Users/maximrietveld/git/fec/Maxim_AirBnB_Service/client/components/App.jsx": {"path":"/Users/maximrietveld/git/fec/Maxim_AirBnB_Service/client/components/App.jsx","statementMap":{"0":{"start":{"line":7,"column":4},"end":{"line":7,"column":17}},"1":{"start":{"line":9,"column":4},"end":{"line":42,"column":6}},"2":{"start":{"line":46,"column":4},"end":{"line":53,"column":43}},"3":{"start":{"line":48,"column":8},"end":{"line":48,"column":34}},"4":{"start":{"line":49,"column":8},"end":{"line":51,"column":10}},"5":{"start":{"line":53,"column":23},"end":{"line":53,"column":41}},"6":{"start":{"line":57,"column":4},"end":{"line":68,"column":5}},"7":{"start":{"line":58,"column":6},"end":{"line":60,"column":7}},"8":{"start":{"line":62,"column":6},"end":{"line":67,"column":8}}},"fnMap":{"0":{"name":"(anonymous_0)","decl":{"start":{"line":6,"column":2},"end":{"line":6,"column":3}},"loc":{"start":{"line":6,"column":21},"end":{"line":43,"column":3}},"line":6},"1":{"name":"(anonymous_1)","decl":{"start":{"line":45,"column":2},"end":{"line":45,"column":3}},"loc":{"start":{"line":45,"column":22},"end":{"line":54,"column":3}},"line":45},"2":{"name":"(anonymous_2)","decl":{"start":{"line":47,"column":12},"end":{"line":47,"column":13}},"loc":{"start":{"line":47,"column":25},"end":{"line":52,"column":7}},"line":47},"3":{"name":"(anonymous_3)","decl":{"start":{"line":53,"column":13},"end":{"line":53,"column":14}},"loc":{"start":{"line":53,"column":22},"end":{"line":53,"column":42}},"line":53},"4":{"name":"(anonymous_4)","decl":{"start":{"line":56,"column":2},"end":{"line":56,"column":3}},"loc":{"start":{"line":56,"column":11},"end":{"line":69,"column":3}},"line":56}},"branchMap":{"0":{"loc":{"start":{"line":57,"column":4},"end":{"line":68,"column":5}},"type":"if","locations":[{"start":{"line":57,"column":4},"end":{"line":68,"column":5}},{"start":{"line":57,"column":4},"end":{"line":68,"column":5}}],"line":57}},"s":{"0":1,"1":1,"2":1,"3":0,"4":0,"5":0,"6":1,"7":0,"8":1},"f":{"0":1,"1":1,"2":0,"3":0,"4":1},"b":{"0":[0,1]},"_coverageSchema":"1a1c01bbd47fc00a2c39e90264f33305004495a9","hash":"96ddafcad50b82261f0f05329ae230ca46649b98"}
,"/Users/maximrietveld/git/fec/Maxim_AirBnB_Service/client/components/MainCarArrows.jsx": {"path":"/Users/maximrietveld/git/fec/Maxim_AirBnB_Service/client/components/MainCarArrows.jsx","statementMap":{"0":{"start":{"line":3,"column":22},"end":{"line":9,"column":1}},"1":{"start":{"line":4,"column":2},"end":{"line":8,"column":8}}},"fnMap":{"0":{"name":"(anonymous_0)","decl":{"start":{"line":3,"column":22},"end":{"line":3,"column":23}},"loc":{"start":{"line":4,"column":2},"end":{"line":8,"column":8}},"line":4}},"branchMap":{},"s":{"0":3,"1":6},"f":{"0":6},"b":{},"_coverageSchema":"1a1c01bbd47fc00a2c39e90264f33305004495a9","hash":"80df9c4b4e5088745d20bca2e49a611f6f1de9a0"}
,"/Users/maximrietveld/git/fec/Maxim_AirBnB_Service/client/components/MainCarElement.jsx": {"path":"/Users/maximrietveld/git/fec/Maxim_AirBnB_Service/client/components/MainCarElement.jsx","statementMap":{"0":{"start":{"line":3,"column":23},"end":{"line":16,"column":1}},"1":{"start":{"line":4,"column":17},"end":{"line":6,"column":3}},"2":{"start":{"line":7,"column":22},"end":{"line":7,"column":54}},"3":{"start":{"line":8,"column":2},"end":{"line":15,"column":3}}},"fnMap":{"0":{"name":"(anonymous_0)","decl":{"start":{"line":3,"column":23},"end":{"line":3,"column":24}},"loc":{"start":{"line":3,"column":34},"end":{"line":16,"column":1}},"line":3}},"branchMap":{},"s":{"0":3,"1":3,"2":3,"3":3},"f":{"0":3},"b":{},"_coverageSchema":"1a1c01bbd47fc00a2c39e90264f33305004495a9","hash":"b62b4977458ad57b0b5cda5bd93a1f478033ddb0"}
,"/Users/maximrietveld/git/fec/Maxim_AirBnB_Service/client/components/MainCarousel.jsx": {"path":"/Users/maximrietveld/git/fec/Maxim_AirBnB_Service/client/components/MainCarousel.jsx","statementMap":{"0":{"start":{"line":7,"column":4},"end":{"line":7,"column":17}},"1":{"start":{"line":8,"column":4},"end":{"line":10,"column":5}},"2":{"start":{"line":11,"column":4},"end":{"line":11,"column":59}},"3":{"start":{"line":12,"column":4},"end":{"line":12,"column":51}},"4":{"start":{"line":16,"column":22},"end":{"line":16,"column":48}},"5":{"start":{"line":17,"column":34},"end":{"line":17,"column":44}},"6":{"start":{"line":18,"column":29},"end":{"line":18,"column":54}},"7":{"start":{"line":19,"column":18},"end":{"line":19,"column":72}},"8":{"start":{"line":21,"column":4},"end":{"line":23,"column":6}},"9":{"start":{"line":27,"column":22},"end":{"line":27,"column":48}},"10":{"start":{"line":28,"column":34},"end":{"line":28,"column":44}},"11":{"start":{"line":29,"column":29},"end":{"line":29,"column":62}},"12":{"start":{"line":30,"column":18},"end":{"line":30,"column":64}},"13":{"start":{"line":32,"column":4},"end":{"line":34,"column":6}},"14":{"start":{"line":38,"column":4},"end":{"line":54,"column":5}}},"fnMap":{"0":{"name":"(anonymous_0)","decl":{"start":{"line":6,"column":2},"end":{"line":6,"column":3}},"loc":{"start":{"line":6,"column":21},"end":{"line":13,"column":3}},"line":6},"1":{"name":"(anonymous_1)","decl":{"start":{"line":15,"column":2},"end":{"line":15,"column":3}},"loc":{"start":{"line":15,"column":20},"end":{"line":24,"column":3}},"line":15},"2":{"name":"(anonymous_2)","decl":{"start":{"line":26,"column":2},"end":{"line":26,"column":3}},"loc":{"start":{"line":26,"column":16},"end":{"line":35,"column":3}},"line":26},"3":{"name":"(anonymous_3)","decl":{"start":{"line":37,"column":2},"end":{"line":37,"column":3}},"loc":{"start":{"line":37,"column":11},"end":{"line":55,"column":3}},"line":37}},"branchMap":{"0":{"loc":{"start":{"line":19,"column":18},"end":{"line":19,"column":72}},"type":"cond-expr","locations":[{"start":{"line":19,"column":37},"end":{"line":19,"column":46}},{"start":{"line":19,"column":49},"end":{"line":19,"column":72}}],"line":19},"1":{"loc":{"start":{"line":30,"column":18},"end":{"line":30,"column":64}},"type":"cond-expr","locations":[{"start":{"line":30,"column":37},"end":{"line":30,"column":38}},{"start":{"line":30,"column":41},"end":{"line":30,"column":64}}],"line":30}},"s":{"0":2,"1":2,"2":2,"3":2,"4":0,"5":0,"6":0,"7":0,"8":0,"9":0,"10":0,"11":0,"12":0,"13":0,"14":2},"f":{"0":2,"1":0,"2":0,"3":2},"b":{"0":[0,0],"1":[0,0]},"_coverageSchema":"1a1c01bbd47fc00a2c39e90264f33305004495a9","hash":"58da16952d9d520e89ff8340a1aa2a3b530f0227"}
}
